14.13.11	正常	设备1 CRC = 0xedbef2f6
14.13.11	错误	设备1 downImage复位失败!!
14.13.11	警告	设备1 程序下载失败 
14.13.47	正常	设备1 继续下载失败的bin文件！ 
14.13.47	错误	设备1 downImage复位失败!!
14.13.47	警告	设备1 程序下载失败 
14.17.13	正常	设备1 继续下载失败的bin文件！ 
14.17.13	错误	设备1 downImage复位失败!!
14.17.13	警告	设备1 程序下载失败 
14.17.26	正常	设备1 继续下载失败的bin文件！ 
14.17.26	错误	设备1 downImage复位失败!!
14.17.26	警告	设备1 程序下载失败 
14.30.30	正常	设备1 继续下载失败的bin文件！ 
14.30.42	正常	设备1 程序下载成功 
16.48.08	正常	设备1 CRC = 0xec88c185
16.48.20	正常	设备1 程序下载成功 
16.49.55	正常	设备1 CRC = 0xec88c185
16.50.07	正常	设备1 程序下载成功 
17.33.38	正常	设备1 CRC = 0x93eb5e1e
17.33.50	正常	设备1 程序下载成功 
17.49.27	正常	设备1 CRC = 0x93eb5e1e
17.49.40	正常	设备1 程序下载成功 
17.55.23	正常	设备1 CRC = 0xa3f01cfa
17.55.35	正常	设备1 程序下载成功 
17.56.29	正常	设备1 CRC = 0xa3f01cfa
17.56.41	正常	设备1 程序下载成功 
17.58.15	正常	设备1 CRC = 0x7da6e236
17.58.27	正常	设备1 程序下载成功 
18.01.32	正常	设备1 CRC = 0xfb940c39
18.01.45	正常	设备1 程序下载成功 
18.48.39	正常	设备1 CRC = 0x77aa63ac
18.48.39	错误	设备1 downImage复位失败!!
18.48.39	警告	设备1 程序下载失败 
18.48.40	正常	设备1 继续下载失败的bin文件！ 
18.48.53	正常	设备1 程序下载成功 
18.50.02	正常	设备1 CRC = 0xe5186910
18.50.15	正常	设备1 程序下载成功 
19.21.51	正常	设备1 CRC = 0xb19e8ef9
19.22.03	正常	设备1 程序下载成功 
19.23.41	正常	设备1 CRC = 0x1d310637
19.23.55	正常	设备1 程序下载成功 
19.25.26	正常	设备1 CRC = 0x5d0d6a0e
19.25.39	正常	设备1 程序下载成功 
19.27.39	正常	设备1 CRC = 0x2495f167
19.27.52	正常	设备1 程序下载成功 
19.34.42	正常	设备1 CRC = 0x51bfc462
19.34.55	正常	设备1 程序下载成功 
19.36.47	正常	设备1 CRC = 0x4959424e
19.36.59	正常	设备1 程序下载成功 
19.38.34	正常	设备1 CRC = 0xc1cab0e1
19.38.47	正常	设备1 程序下载成功 
19.40.21	正常	设备1 CRC = 0x72252eba
19.40.34	正常	设备1 程序下载成功 
