14.25.13	正常	设备1 CRC = 0x3d4dd497
14.25.27	正常	设备1 程序下载成功 
14.37.51	正常	设备1 CRC = 0x93fd0920
14.38.05	正常	设备1 程序下载成功 
14.39.10	正常	设备1 CRC = 0x3b73a98b
14.39.11	错误	设备1 downImage复位失败!!
14.39.11	警告	设备1 程序下载失败 
14.39.17	正常	设备1 继续下载失败的bin文件！ 
14.39.30	正常	设备1 程序下载成功 
14.42.27	正常	设备1 CRC = 0xf6ccdc93
14.42.41	正常	设备1 程序下载成功 
14.45.18	正常	设备1 CRC = 0xf6ccdc93
14.45.18	错误	设备1 downImage复位失败!!
14.45.18	警告	设备1 程序下载失败 
14.45.47	正常	设备1 继续下载失败的bin文件！ 
14.45.47	错误	设备1 downImage复位失败!!
14.45.47	警告	设备1 程序下载失败 
14.46.02	正常	设备1 继续下载失败的bin文件！ 
14.46.03	错误	设备1 downImage复位失败!!
14.46.03	警告	设备1 程序下载失败 
14.46.10	正常	设备1 继续下载失败的bin文件！ 
14.46.12	警告	设备1 写入Bin文件超时-1！ 
14.46.12	警告	设备1 程序下载失败 
14.46.36	错误	设备1 eraseflash复位失败!!
14.46.38	错误	设备1 eraseflash复位失败!!
14.46.51	正常	设备1 擦除成功!!
14.46.54	正常	设备1 擦除成功!!
14.47.00	正常	设备1 继续下载失败的bin文件！ 
14.47.01	警告	设备1 写入Bin文件超时-1！ 
14.47.01	警告	设备1 程序下载失败 
14.47.04	正常	设备1 擦除成功!!
14.50.43	正常	设备1 继续下载失败的bin文件！ 
14.50.44	错误	设备1 downImage复位失败!!
14.50.44	警告	设备1 程序下载失败 
14.50.54	正常	设备1 继续下载失败的bin文件！ 
14.51.08	正常	设备1 程序下载成功 
15.02.26	正常	设备1 CRC = 0xe1af56e4
15.02.40	正常	设备1 程序下载成功 
15.30.21	正常	设备1 CRC = 0x75d1037a
15.30.34	正常	设备1 程序下载成功 
15.58.05	正常	设备1 CRC = 0xd1f2ce6f
15.58.18	正常	设备1 程序下载成功 
15.59.31	正常	设备1 CRC = 0x187d5ad2
15.59.45	正常	设备1 程序下载成功 
16.01.49	正常	设备1 CRC = 0x187d5ad2
16.02.03	正常	设备1 程序下载成功 
16.03.16	正常	设备1 CRC = 0x71cba648
16.03.16	错误	设备1 downImage复位失败!!
16.03.16	警告	设备1 程序下载失败 
16.03.18	正常	设备1 继续下载失败的bin文件！ 
16.03.32	正常	设备1 程序下载成功 
16.06.40	正常	设备1 CRC = 0x5fba641e
16.06.54	正常	设备1 程序下载成功 
16.08.57	正常	设备1 CRC = 0xb9cc5cf1
16.09.11	正常	设备1 程序下载成功 
16.10.10	正常	设备1 CRC = 0x1a7376f9
16.10.23	正常	设备1 程序下载成功 
16.12.03	正常	设备1 CRC = 0x0964dc82
16.12.16	正常	设备1 程序下载成功 
16.15.16	正常	设备1 CRC = 0x1a7376f9
16.15.29	正常	设备1 程序下载成功 
16.17.36	正常	设备1 CRC = 0x5fba641e
16.17.50	正常	设备1 程序下载成功 
16.35.08	正常	设备1 CRC = 0x6d26af37
16.35.22	正常	设备1 程序下载成功 
