10.41.31	正常	设备1 CRC = 0xed1c2c11
10.41.44	正常	设备1 程序下载成功 
11.17.16	正常	设备1 CRC = 0x3251a218
11.17.17	错误	设备1 downImage复位失败!!
11.17.17	警告	设备1 程序下载失败 
11.17.19	正常	设备1 继续下载失败的bin文件！ 
11.17.33	正常	设备1 程序下载成功 
11.24.14	正常	设备1 CRC = 0x775c5b06
11.24.28	正常	设备1 程序下载成功 
11.27.29	正常	设备1 CRC = 0xd75bd3af
11.27.42	正常	设备1 程序下载成功 
15.39.39	正常	设备1 CRC = 0x96cd7938
15.39.52	正常	设备1 程序下载成功 
15.42.49	正常	设备1 CRC = 0x22f6c862
15.43.03	正常	设备1 程序下载成功 
15.49.43	正常	设备1 CRC = 0x9dd47fea
15.49.43	错误	设备1 downImage复位失败!!
15.49.43	警告	设备1 程序下载失败 
15.49.44	正常	设备1 继续下载失败的bin文件！ 
15.49.58	正常	设备1 程序下载成功 
16.49.09	正常	设备1 CRC = 0xfa1f008e
16.49.23	正常	设备1 程序下载成功 
16.56.12	正常	设备1 CRC = 0xfa1f008e
16.56.26	正常	设备1 程序下载成功 
17.03.12	正常	设备1 CRC = 0xa70d9ebe
17.03.26	正常	设备1 程序下载成功 
17.21.35	正常	设备1 CRC = 0x52675a39
17.21.49	正常	设备1 程序下载成功 
19.09.13	正常	设备1 CRC = 0x4d48932e
19.09.27	正常	设备1 程序下载成功 
19.34.26	正常	设备1 CRC = 0x7934a13a
19.34.40	正常	设备1 程序下载成功 
19.58.18	正常	设备1 CRC = 0xebdfc559
19.58.32	正常	设备1 程序下载成功 
20.04.06	正常	设备1 CRC = 0xebdfc559
20.04.06	错误	设备1 downImage复位失败!!
20.04.06	警告	设备1 程序下载失败 
20.04.08	正常	设备1 继续下载失败的bin文件！ 
20.04.22	正常	设备1 程序下载成功 
