10.35.01	正常	设备1 CRC = 0x21580cbf
10.35.01	错误	设备1 downImage复位失败!!
10.35.01	警告	设备1 程序下载失败 
10.35.03	正常	设备1 继续下载失败的bin文件！ 
10.35.04	错误	设备1 downImage复位失败!!
10.35.04	警告	设备1 程序下载失败 
10.36.53	正常	设备1 继续下载失败的bin文件！ 
10.36.53	错误	设备1 downImage复位失败!!
10.36.53	警告	设备1 程序下载失败 
10.36.55	正常	设备1 继续下载失败的bin文件！ 
10.36.55	错误	设备1 downImage复位失败!!
10.36.55	警告	设备1 程序下载失败 
10.36.56	正常	设备1 继续下载失败的bin文件！ 
10.36.57	错误	设备1 downImage复位失败!!
10.36.57	警告	设备1 程序下载失败 
10.37.13	正常	设备1 继续下载失败的bin文件！ 
10.37.13	错误	设备1 downImage复位失败!!
10.37.13	警告	设备1 程序下载失败 
10.37.14	正常	设备1 继续下载失败的bin文件！ 
10.37.15	错误	设备1 downImage复位失败!!
10.37.15	警告	设备1 程序下载失败 
18.29.01	正常	设备1 CRC = 0x78303ad3
18.29.19	正常	设备1 程序下载成功 
