14.21.33	正常	设备1 CRC = 0x56e8556c
14.21.46	正常	设备1 程序下载成功 
14.21.51	正常	设备1 CRC = 0xb41fe94f
14.22.04	正常	设备1 程序下载成功 
14.25.37	正常	设备1 CRC = 0x5cfbc5bc
14.25.37	错误	设备1 downImage复位失败!!
14.25.37	警告	设备1 程序下载失败 
14.25.43	正常	设备1 继续下载失败的bin文件！ 
14.25.56	正常	设备1 程序下载成功 
15.20.24	正常	设备1 CRC = 0x6fff29a9
15.20.40	正常	设备1 程序下载成功 
15.53.52	正常	设备1 CRC = 0x724e76e3
15.54.05	正常	设备1 程序下载成功 
16.38.02	正常	设备1 CRC = 0x724e76e3
16.38.15	正常	设备1 程序下载成功 
16.38.32	正常	设备1 CRC = 0x724e76e3
16.38.45	正常	设备1 程序下载成功 
16.49.53	正常	设备1 CRC = 0xf8bda2d7
16.50.06	正常	设备1 程序下载成功 
16.58.12	正常	设备1 CRC = 0x76c4ed3a
16.58.25	正常	设备1 程序下载成功 
17.01.17	正常	设备1 CRC = 0x3c2eeac4
17.01.17	错误	设备1 downImage复位失败!!
17.01.17	警告	设备1 程序下载失败 
17.01.25	正常	设备1 继续下载失败的bin文件！ 
17.01.37	正常	设备1 程序下载成功 
17.11.32	正常	设备1 CRC = 0x0054e094
17.11.46	正常	设备1 程序下载成功 
17.16.40	正常	设备1 CRC = 0xdc0a1284
17.16.54	正常	设备1 程序下载成功 
17.17.11	正常	设备1 CRC = 0xdc0a1284
17.17.25	正常	设备1 程序下载成功 
17.19.17	正常	设备1 CRC = 0x9ed8da89
17.19.32	正常	设备1 程序下载成功 
17.25.52	正常	设备1 CRC = 0xdfd9ca85
17.26.08	正常	设备1 程序下载成功 
17.50.51	正常	设备1 CRC = 0x1b915619
17.50.51	错误	设备1 downImage复位失败!!
17.50.51	警告	设备1 程序下载失败 
17.50.54	正常	设备1 继续下载失败的bin文件！ 
17.51.10	正常	设备1 程序下载成功 
18.19.58	正常	设备1 CRC = 0x3f4e2f40
18.20.14	正常	设备1 程序下载成功 
18.22.33	正常	设备1 CRC = 0x483bf189
18.22.49	正常	设备1 程序下载成功 
18.32.14	正常	设备1 CRC = 0x371f61a3
18.32.30	正常	设备1 程序下载成功 
18.37.37	正常	设备1 CRC = 0x371f61a3
18.37.52	正常	设备1 程序下载成功 
19.07.48	正常	设备1 CRC = 0x3c2eeac4
19.08.00	正常	设备1 程序下载成功 
19.21.11	正常	设备1 擦除成功!!
19.21.13	正常	设备1 CRC = 0x3c2eeac4
19.21.26	正常	设备1 程序下载成功 
19.29.17	正常	设备1 CRC = 0x371f61a3
19.29.33	正常	设备1 程序下载成功 
19.34.00	正常	设备1 CRC = 0x371f61a3
19.34.15	正常	设备1 程序下载成功 
19.41.24	正常	设备1 CRC = 0x91387e68
19.41.40	正常	设备1 程序下载成功 
19.56.34	正常	设备1 读出成功!!
20.13.22	正常	设备1 读出成功!!
20.16.59	正常	设备1 读出成功!!
20.25.33	正常	设备1 CRC = 0x91387e68
20.25.48	正常	设备1 程序下载成功 
20.28.04	正常	设备1 读出成功!!
20.29.23	正常	设备1 读出成功!!
20.29.55	正常	设备1 读出成功!!
20.35.34	正常	设备1 CRC = 0xa8252746
20.35.50	正常	设备1 程序下载成功 
20.48.45	正常	设备1 CRC = 0x6ef34777
20.49.01	正常	设备1 程序下载成功 
20.54.02	正常	设备1 CRC = 0x3c2eeac4
20.54.15	正常	设备1 程序下载成功 
20.57.37	正常	设备1 CRC = 0x6ef34777
20.57.53	正常	设备1 程序下载成功 
21.00.43	正常	设备1 CRC = 0x91387e68
21.00.59	正常	设备1 程序下载成功 
21.02.38	正常	设备1 CRC = 0x3f4e2f40
21.02.53	正常	设备1 程序下载成功 
21.08.04	正常	设备1 CRC = 0x3f4e2f40
21.08.19	正常	设备1 程序下载成功 
21.14.21	正常	设备1 CRC = 0x9db85b5c
21.14.36	正常	设备1 程序下载成功 
21.17.56	正常	设备1 CRC = 0x9db85b5c
21.18.12	正常	设备1 程序下载成功 
21.21.30	正常	设备1 CRC = 0xf6414162
21.21.45	正常	设备1 程序下载成功 
21.24.20	正常	设备1 CRC = 0xf6414162
21.24.35	正常	设备1 程序下载成功 
21.26.45	正常	设备1 CRC = 0xf6414162
21.27.00	正常	设备1 程序下载成功 
21.36.34	正常	设备1 CRC = 0x53dd8ae4
21.36.50	正常	设备1 程序下载成功 
