10.48.07	正常	设备1 CRC = 0xf9919203
10.48.21	正常	设备1 程序下载成功 
14.06.24	正常	设备1 CRC = 0x825881e0
14.06.37	正常	设备1 程序下载成功 
14.17.53	正常	设备1 CRC = 0x7602213d
14.18.05	正常	设备1 程序下载成功 
15.08.40	正常	设备1 CRC = 0x81acc8ab
15.08.54	正常	设备1 程序下载成功 
15.10.03	正常	设备1 CRC = 0x9be3e8a5
15.10.17	正常	设备1 程序下载成功 
15.19.01	正常	设备1 CRC = 0xed667a4c
15.19.15	正常	设备1 程序下载成功 
16.48.55	正常	设备1 CRC = 0xa034abb3
16.49.08	正常	设备1 程序下载成功 
17.21.14	正常	设备1 CRC = 0x05335d90
17.21.27	正常	设备1 程序下载成功 
17.48.10	正常	设备1 CRC = 0x23e7a509
17.48.11	错误	设备1 downImage复位失败!!
17.48.11	警告	设备1 程序下载失败 
17.48.17	正常	设备1 继续下载失败的bin文件！ 
17.48.30	正常	设备1 程序下载成功 
17.48.46	正常	设备1 CRC = 0xa76e5599
17.48.59	正常	设备1 程序下载成功 
18.30.53	正常	设备1 CRC = 0x4fb35a0e
18.31.06	正常	设备1 程序下载成功 
18.32.39	正常	设备1 CRC = 0x05335d90
18.32.52	正常	设备1 程序下载成功 
18.49.42	正常	设备1 CRC = 0x1578c8c5
18.49.55	正常	设备1 程序下载成功 
18.54.22	正常	设备1 CRC = 0xcd27ef76
18.54.36	正常	设备1 程序下载成功 
19.01.55	正常	设备1 CRC = 0x4667f294
19.02.09	正常	设备1 程序下载成功 
19.04.53	正常	设备1 CRC = 0x4135ed6b
19.05.06	正常	设备1 程序下载成功 
19.08.01	正常	设备1 CRC = 0x4135ed6b
19.08.14	正常	设备1 程序下载成功 
19.14.44	正常	设备1 CRC = 0x46744ef2
19.14.57	正常	设备1 程序下载成功 
